<?xml version="1.0" encoding="UTF-8"?>
<testng-results ignored="0" total="1" passed="1" failed="0" skipped="0">
  <reporter-output>
  </reporter-output>
  <suite started-at="2023-12-07T01:13:56 EST" name="Default suite" finished-at="2023-12-07T01:14:01 EST" duration-ms="5303">
    <groups>
    </groups>
    <test started-at="2023-12-07T01:13:56 EST" name="Default test" finished-at="2023-12-07T01:14:01 EST" duration-ms="5303">
      <class name="com.amazon.loginTest.LoginTest">
        <test-method is-config="true" signature="oprnApplication()[pri:0, instance:com.amazon.loginTest.LoginTest@4d5d943d]" started-at="2023-12-07T01:13:56 EST" name="oprnApplication" finished-at="2023-12-07T01:14:00 EST" duration-ms="3746" status="PASS">
          <reporter-output>
          </reporter-output>
        </test-method> <!-- oprnApplication -->
        <test-method signature="loginTest()[pri:0, instance:com.amazon.loginTest.LoginTest@4d5d943d]" started-at="2023-12-07T01:14:00 EST" name="loginTest" finished-at="2023-12-07T01:14:01 EST" duration-ms="1330" status="PASS">
          <reporter-output>
          </reporter-output>
        </test-method> <!-- loginTest -->
        <test-method is-config="true" signature="closeApplication()[pri:0, instance:com.amazon.loginTest.LoginTest@4d5d943d]" started-at="2023-12-07T01:14:01 EST" name="closeApplication" finished-at="2023-12-07T01:14:01 EST" duration-ms="165" status="PASS">
          <reporter-output>
          </reporter-output>
        </test-method> <!-- closeApplication -->
      </class> <!-- com.amazon.loginTest.LoginTest -->
    </test> <!-- Default test -->
  </suite> <!-- Default suite -->
</testng-results>
